<?xml version="1.0"?><coverage lines-covered="133" lines-valid="1051" line-rate="0.12654614652711704" branches-covered="0" branches-valid="0" branch-rate="0" complexity="0" version="1.9" timestamp="1769547463"><sources><source>/home/lsalazar/Proyectos/subtitulador mejorado/frontend</source></sources><packages><package name="src/domain/ports" line-rate="0" branch-rate="0" complexity="0"><classes></classes></package><package name="src/infrastructure/adapters" line-rate="0" branch-rate="0" complexity="0"><classes></classes></package><package name="src/domain/value_objects" line-rate="0.8904109589041096" branch-rate="0" complexity="0"><classes><class name="audio_power" filename="src/domain/value_objects/audio_power.rs" line-rate="1" branch-rate="0" complexity="0"><methods/><lines><line number="13" hits="5"/><line number="15" hits="5"/><line number="20" hits="1"/><line number="21" hits="2"/><line number="22" hits="1"/><line number="25" hits="3"/><line number="26" hits="2"/><line number="28" hits="1"/><line number="37" hits="1"/><line number="38" hits="1"/><line number="42" hits="2"/><line number="43" hits="3"/><line number="44" hits="1"/><line number="46" hits="1"/><line number="51" hits="1"/><line number="52" hits="1"/><line number="56" hits="1"/><line number="57" hits="1"/><line number="62" hits="1"/><line number="63" hits="1"/><line number="68" hits="1"/><line number="69" hits="1"/></lines></class><class name="duration" filename="src/domain/value_objects/duration.rs" line-rate="1" branch-rate="0" complexity="0"><methods/><lines><line number="14" hits="3"/><line number="19" hits="1"/><line number="21" hits="2"/><line number="26" hits="3"/><line number="27" hits="1"/><line number="28" hits="1"/><line number="37" hits="3"/><line number="38" hits="3"/><line number="42" hits="2"/><line number="43" hits="2"/><line number="47" hits="1"/><line number="48" hits="1"/><line number="52" hits="1"/><line number="53" hits="1"/><line number="57" hits="1"/><line number="58" hits="1"/><line number="63" hits="1"/><line number="64" hits="1"/><line number="65" hits="1"/><line number="66" hits="1"/><line number="68" hits="1"/><line number="74" hits="1"/><line number="75" hits="1"/><line number="80" hits="1"/><line number="81" hits="1"/><line number="86" hits="1"/><line number="87" hits="1"/></lines></class><class name="language" filename="src/domain/value_objects/language.rs" line-rate="0.6666666666666666" branch-rate="0" complexity="0"><methods/><lines><line number="37" hits="4"/><line number="38" hits="4"/><line number="39" hits="1"/><line number="42" hits="3"/><line number="44" hits="4"/><line number="45" hits="2"/><line number="48" hits="2"/><line number="52" hits="3"/><line number="53" hits="9"/><line number="57" hits="2"/><line number="58" hits="2"/><line number="62" hits="1"/><line number="65" hits="3"/><line number="66" hits="3"/><line number="71" hits="3"/><line number="72" hits="3"/><line number="75" hits="0"/><line number="76" hits="0"/><line number="79" hits="0"/><line number="80" hits="0"/><line number="85" hits="0"/><line number="86" hits="0"/><line number="91" hits="0"/><line number="92" hits="0"/></lines></class></classes></package><package name="src/infrastructure/adapters/inbound" line-rate="0" branch-rate="0" complexity="0"><classes><class name="audio_capture" filename="src/infrastructure/adapters/inbound/audio_capture.rs" line-rate="0" branch-rate="0" complexity="0"><methods/><lines><line number="48" hits="0"/><line number="49" hits="0"/><line number="51" hits="0"/><line number="53" hits="0"/><line number="54" hits="0"/><line number="56" hits="0"/><line number="57" hits="0"/><line number="58" hits="0"/><line number="63" hits="0"/><line number="64" hits="0"/><line number="65" hits="0"/><line number="66" hits="0"/><line number="69" hits="0"/><line number="73" hits="0"/><line number="74" hits="0"/><line number="75" hits="0"/><line number="77" hits="0"/><line number="78" hits="0"/><line number="80" hits="0"/><line number="81" hits="0"/><line number="82" hits="0"/><line number="83" hits="0"/><line number="84" hits="0"/><line number="85" hits="0"/><line number="90" hits="0"/><line number="94" hits="0"/><line number="95" hits="0"/><line number="96" hits="0"/><line number="98" hits="0"/><line number="103" hits="0"/><line number="104" hits="0"/><line number="105" hits="0"/><line number="107" hits="0"/><line number="112" hits="0"/><line number="113" hits="0"/><line number="114" hits="0"/><line number="115" hits="0"/><line number="116" hits="0"/><line number="117" hits="0"/><line number="118" hits="0"/><line number="119" hits="0"/><line number="120" hits="0"/><line number="122" hits="0"/><line number="123" hits="0"/><line number="127" hits="0"/><line number="128" hits="0"/><line number="129" hits="0"/><line number="132" hits="0"/><line number="133" hits="0"/><line number="134" hits="0"/><line number="138" hits="0"/><line number="142" hits="0"/><line number="143" hits="0"/><line number="144" hits="0"/><line number="146" hits="0"/><line number="148" hits="0"/><line number="149" hits="0"/><line number="151" hits="0"/><line number="154" hits="0"/><line number="155" hits="0"/><line number="159" hits="0"/><line number="163" hits="0"/><line number="164" hits="0"/><line number="165" hits="0"/><line number="166" hits="0"/><line number="167" hits="0"/><line number="168" hits="0"/><line number="169" hits="0"/><line number="170" hits="0"/><line number="178" hits="0"/><line number="179" hits="0"/><line number="180" hits="0"/><line number="182" hits="0"/><line number="183" hits="0"/><line number="184" hits="0"/><line number="185" hits="0"/><line number="186" hits="0"/><line number="187" hits="0"/><line number="188" hits="0"/><line number="189" hits="0"/><line number="190" hits="0"/><line number="196" hits="0"/><line number="200" hits="0"/><line number="201" hits="0"/><line number="202" hits="0"/><line number="206" hits="0"/><line number="207" hits="0"/><line number="208" hits="0"/><line number="209" hits="0"/><line number="210" hits="0"/><line number="211" hits="0"/><line number="217" hits="0"/><line number="219" hits="0"/><line number="220" hits="0"/><line number="221" hits="0"/><line number="222" hits="0"/><line number="223" hits="0"/><line number="224" hits="0"/><line number="228" hits="0"/><line number="229" hits="0"/><line number="230" hits="0"/><line number="231" hits="0"/><line number="232" hits="0"/><line number="233" hits="0"/><line number="234" hits="0"/><line number="239" hits="0"/><line number="243" hits="0"/><line number="244" hits="0"/><line number="245" hits="0"/><line number="247" hits="0"/><line number="248" hits="0"/><line number="250" hits="0"/><line number="251" hits="0"/><line number="255" hits="0"/><line number="256" hits="0"/><line number="257" hits="0"/><line number="258" hits="0"/><line number="263" hits="0"/><line number="264" hits="0"/><line number="265" hits="0"/><line number="269" hits="0"/><line number="273" hits="0"/><line number="275" hits="0"/><line number="277" hits="0"/><line number="278" hits="0"/><line number="279" hits="0"/><line number="281" hits="0"/><line number="282" hits="0"/><line number="287" hits="0"/><line number="288" hits="0"/><line number="290" hits="0"/><line number="291" hits="0"/><line number="295" hits="0"/><line number="299" hits="0"/><line number="300" hits="0"/><line number="304" hits="0"/><line number="305" hits="0"/><line number="306" hits="0"/><line number="307" hits="0"/><line number="312" hits="0"/><line number="313" hits="0"/><line number="315" hits="0"/><line number="318" hits="0"/><line number="319" hits="0"/><line number="321" hits="0"/><line number="322" hits="0"/><line number="323" hits="0"/><line number="325" hits="0"/><line number="326" hits="0"/><line number="328" hits="0"/><line number="330" hits="0"/><line number="331" hits="0"/><line number="332" hits="0"/><line number="333" hits="0"/><line number="334" hits="0"/><line number="336" hits="0"/><line number="338" hits="0"/><line number="339" hits="0"/><line number="341" hits="0"/><line number="342" hits="0"/><line number="349" hits="0"/><line number="350" hits="0"/><line number="351" hits="0"/><line number="355" hits="0"/><line number="357" hits="0"/><line number="358" hits="0"/><line number="359" hits="0"/><line number="363" hits="0"/><line number="364" hits="0"/><line number="365" hits="0"/><line number="366" hits="0"/><line number="370" hits="0"/><line number="371" hits="0"/><line number="376" hits="0"/><line number="377" hits="0"/><line number="378" hits="0"/><line number="382" hits="0"/><line number="383" hits="0"/><line number="384" hits="0"/><line number="385" hits="0"/><line number="387" hits="0"/><line number="392" hits="0"/><line number="393" hits="0"/><line number="394" hits="0"/><line number="398" hits="0"/><line number="399" hits="0"/><line number="403" hits="0"/><line number="404" hits="0"/><line number="405" hits="0"/><line number="410" hits="0"/><line number="411" hits="0"/></lines></class></classes></package><package name="src/presentation/components" line-rate="0" branch-rate="0" complexity="0"><classes></classes></package><package name="src/infrastructure/adapters/outbound" line-rate="0" branch-rate="0" complexity="0"><classes><class name="http_transcription" filename="src/infrastructure/adapters/outbound/http_transcription.rs" line-rate="0" branch-rate="0" complexity="0"><methods/><lines><line number="19" hits="0"/><line number="21" hits="0"/><line number="25" hits="0"/><line number="30" hits="0"/><line number="31" hits="0"/><line number="34" hits="0"/><line number="35" hits="0"/><line number="39" hits="0"/><line number="41" hits="0"/><line number="42" hits="0"/><line number="43" hits="0"/><line number="45" hits="0"/><line number="47" hits="0"/><line number="48" hits="0"/><line number="50" hits="0"/><line number="52" hits="0"/><line number="53" hits="0"/><line number="54" hits="0"/><line number="55" hits="0"/><line number="56" hits="0"/><line number="57" hits="0"/><line number="60" hits="0"/><line number="62" hits="0"/><line number="63" hits="0"/><line number="64" hits="0"/><line number="65" hits="0"/><line number="66" hits="0"/><line number="67" hits="0"/><line number="72" hits="0"/><line number="73" hits="0"/><line number="74" hits="0"/></lines></class><class name="http_translation" filename="src/infrastructure/adapters/outbound/http_translation.rs" line-rate="0" branch-rate="0" complexity="0"><methods/><lines><line number="18" hits="0"/><line number="20" hits="0"/><line number="24" hits="0"/><line number="29" hits="0"/><line number="30" hits="0"/><line number="31" hits="0"/><line number="34" hits="0"/><line number="37" hits="0"/><line number="38" hits="0"/><line number="39" hits="0"/><line number="42" hits="0"/><line number="44" hits="0"/><line number="45" hits="0"/><line number="46" hits="0"/><line number="48" hits="0"/><line number="50" hits="0"/><line number="51" hits="0"/><line number="52" hits="0"/><line number="53" hits="0"/><line number="56" hits="0"/><line number="58" hits="0"/><line number="60" hits="0"/><line number="64" hits="0"/><line number="65" hits="0"/><line number="66" hits="0"/></lines></class></classes></package><package name="src/application/dtos" line-rate="0" branch-rate="0" complexity="0"><classes></classes></package><package name="src/application/use_cases" line-rate="0" branch-rate="0" complexity="0"><classes></classes></package><package name="src/infrastructure" line-rate="0" branch-rate="0" complexity="0"><classes></classes></package><package name="src/presentation/ui" line-rate="0" branch-rate="0" complexity="0"><classes><class name="subtitle_app" filename="src/presentation/ui/subtitle_app.rs" line-rate="0" branch-rate="0" complexity="0"><methods/><lines><line number="38" hits="0"/><line number="39" hits="0"/><line number="40" hits="0"/><line number="41" hits="0"/><line number="44" hits="0"/><line number="45" hits="0"/><line number="46" hits="0"/><line number="49" hits="0"/><line number="50" hits="0"/><line number="51" hits="0"/><line number="55" hits="0"/><line number="59" hits="0"/><line number="60" hits="0"/><line number="61" hits="0"/><line number="65" hits="0"/><line number="66" hits="0"/><line number="67" hits="0"/><line number="70" hits="0"/><line number="71" hits="0"/><line number="72" hits="0"/><line number="75" hits="0"/><line number="79" hits="0"/><line number="80" hits="0"/><line number="81" hits="0"/><line number="84" hits="0"/><line number="85" hits="0"/><line number="86" hits="0"/><line number="89" hits="0"/><line number="90" hits="0"/><line number="91" hits="0"/><line number="94" hits="0"/><line number="95" hits="0"/><line number="96" hits="0"/><line number="97" hits="0"/><line number="99" hits="0"/><line number="100" hits="0"/><line number="162" hits="0"/><line number="166" hits="0"/><line number="168" hits="0"/><line number="171" hits="0"/><line number="172" hits="0"/><line number="174" hits="0"/><line number="177" hits="0"/><line number="178" hits="0"/><line number="179" hits="0"/><line number="181" hits="0"/><line number="183" hits="0"/><line number="190" hits="0"/><line number="191" hits="0"/><line number="192" hits="0"/><line number="198" hits="0"/><line number="199" hits="0"/><line number="214" hits="0"/><line number="215" hits="0"/><line number="219" hits="0"/><line number="220" hits="0"/><line number="222" hits="0"/><line number="223" hits="0"/><line number="225" hits="0"/><line number="230" hits="0"/><line number="231" hits="0"/><line number="233" hits="0"/><line number="234" hits="0"/><line number="237" hits="0"/><line number="241" hits="0"/><line number="243" hits="0"/><line number="247" hits="0"/><line number="248" hits="0"/><line number="250" hits="0"/><line number="251" hits="0"/><line number="253" hits="0"/><line number="254" hits="0"/><line number="255" hits="0"/><line number="260" hits="0"/><line number="264" hits="0"/><line number="265" hits="0"/><line number="266" hits="0"/><line number="268" hits="0"/><line number="269" hits="0"/><line number="271" hits="0"/><line number="272" hits="0"/><line number="274" hits="0"/><line number="275" hits="0"/><line number="285" hits="0"/><line number="286" hits="0"/><line number="290" hits="0"/><line number="295" hits="0"/><line number="296" hits="0"/><line number="297" hits="0"/><line number="301" hits="0"/><line number="306" hits="0"/><line number="309" hits="0"/><line number="312" hits="0"/><line number="315" hits="0"/><line number="316" hits="0"/><line number="317" hits="0"/><line number="318" hits="0"/><line number="325" hits="0"/><line number="330" hits="0"/><line number="331" hits="0"/><line number="332" hits="0"/><line number="333" hits="0"/><line number="336" hits="0"/><line number="341" hits="0"/><line number="342" hits="0"/><line number="344" hits="0"/><line number="345" hits="0"/><line number="350" hits="0"/><line number="355" hits="0"/><line number="356" hits="0"/><line number="357" hits="0"/><line number="362" hits="0"/><line number="363" hits="0"/><line number="367" hits="0"/><line number="368" hits="0"/><line number="370" hits="0"/><line number="376" hits="0"/><line number="377" hits="0"/><line number="379" hits="0"/><line number="381" hits="0"/><line number="383" hits="0"/><line number="385" hits="0"/><line number="386" hits="0"/><line number="391" hits="0"/><line number="392" hits="0"/><line number="396" hits="0"/><line number="397" hits="0"/><line number="398" hits="0"/><line number="399" hits="0"/><line number="400" hits="0"/><line number="405" hits="0"/><line number="406" hits="0"/><line number="407" hits="0"/><line number="408" hits="0"/><line number="409" hits="0"/><line number="414" hits="0"/><line number="418" hits="0"/><line number="419" hits="0"/><line number="422" hits="0"/><line number="423" hits="0"/><line number="424" hits="0"/><line number="426" hits="0"/><line number="427" hits="0"/><line number="428" hits="0"/><line number="429" hits="0"/><line number="431" hits="0"/><line number="437" hits="0"/><line number="439" hits="0"/><line number="441" hits="0"/><line number="448" hits="0"/><line number="449" hits="0"/><line number="453" hits="0"/><line number="454" hits="0"/><line number="456" hits="0"/><line number="457" hits="0"/><line number="458" hits="0"/><line number="460" hits="0"/><line number="461" hits="0"/><line number="463" hits="0"/><line number="464" hits="0"/><line number="467" hits="0"/><line number="468" hits="0"/><line number="469" hits="0"/><line number="474" hits="0"/><line number="475" hits="0"/><line number="476" hits="0"/><line number="482" hits="0"/><line number="483" hits="0"/><line number="484" hits="0"/><line number="487" hits="0"/><line number="488" hits="0"/><line number="489" hits="0"/><line number="494" hits="0"/><line number="496" hits="0"/><line number="500" hits="0"/><line number="506" hits="0"/><line number="507" hits="0"/><line number="508" hits="0"/><line number="509" hits="0"/><line number="511" hits="0"/><line number="512" hits="0"/><line number="514" hits="0"/><line number="515" hits="0"/><line number="516" hits="0"/><line number="518" hits="0"/><line number="519" hits="0"/><line number="521" hits="0"/><line number="523" hits="0"/><line number="524" hits="0"/><line number="526" hits="0"/><line number="528" hits="0"/><line number="530" hits="0"/><line number="531" hits="0"/><line number="535" hits="0"/><line number="539" hits="0"/><line number="540" hits="0"/><line number="541" hits="0"/><line number="543" hits="0"/><line number="545" hits="0"/><line number="546" hits="0"/><line number="550" hits="0"/><line number="551" hits="0"/><line number="553" hits="0"/><line number="554" hits="0"/><line number="558" hits="0"/><line number="559" hits="0"/><line number="563" hits="0"/><line number="564" hits="0"/><line number="565" hits="0"/><line number="568" hits="0"/><line number="569" hits="0"/><line number="571" hits="0"/><line number="575" hits="0"/><line number="576" hits="0"/><line number="578" hits="0"/><line number="579" hits="0"/><line number="580" hits="0"/><line number="583" hits="0"/><line number="584" hits="0"/><line number="586" hits="0"/><line number="590" hits="0"/><line number="591" hits="0"/><line number="592" hits="0"/><line number="593" hits="0"/><line number="594" hits="0"/><line number="595" hits="0"/><line number="596" hits="0"/><line number="598" hits="0"/><line number="601" hits="0"/><line number="606" hits="0"/><line number="607" hits="0"/><line number="608" hits="0"/><line number="609" hits="0"/><line number="610" hits="0"/><line number="615" hits="0"/><line number="616" hits="0"/><line number="617" hits="0"/><line number="621" hits="0"/><line number="622" hits="0"/><line number="623" hits="0"/><line number="625" hits="0"/><line number="626" hits="0"/><line number="627" hits="0"/><line number="628" hits="0"/><line number="630" hits="0"/><line number="631" hits="0"/><line number="632" hits="0"/><line number="636" hits="0"/><line number="637" hits="0"/><line number="639" hits="0"/><line number="640" hits="0"/><line number="642" hits="0"/><line number="646" hits="0"/><line number="647" hits="0"/><line number="648" hits="0"/><line number="650" hits="0"/><line number="651" hits="0"/><line number="655" hits="0"/><line number="656" hits="0"/><line number="657" hits="0"/><line number="658" hits="0"/><line number="660" hits="0"/><line number="662" hits="0"/><line number="663" hits="0"/><line number="665" hits="0"/><line number="666" hits="0"/><line number="670" hits="0"/><line number="671" hits="0"/><line number="672" hits="0"/><line number="673" hits="0"/><line number="674" hits="0"/><line number="676" hits="0"/><line number="681" hits="0"/><line number="682" hits="0"/><line number="683" hits="0"/><line number="684" hits="0"/><line number="685" hits="0"/><line number="689" hits="0"/><line number="693" hits="0"/><line number="694" hits="0"/><line number="696" hits="0"/><line number="697" hits="0"/><line number="698" hits="0"/><line number="699" hits="0"/><line number="700" hits="0"/><line number="703" hits="0"/><line number="704" hits="0"/><line number="706" hits="0"/><line number="707" hits="0"/><line number="711" hits="0"/><line number="715" hits="0"/><line number="717" hits="0"/><line number="718" hits="0"/><line number="719" hits="0"/><line number="720" hits="0"/><line number="723" hits="0"/><line number="728" hits="0"/><line number="729" hits="0"/><line number="730" hits="0"/><line number="732" hits="0"/><line number="737" hits="0"/><line number="738" hits="0"/><line number="739" hits="0"/><line number="741" hits="0"/><line number="745" hits="0"/><line number="746" hits="0"/><line number="747" hits="0"/><line number="748" hits="0"/><line number="749" hits="0"/><line number="751" hits="0"/><line number="755" hits="0"/><line number="756" hits="0"/><line number="760" hits="0"/><line number="761" hits="0"/><line number="762" hits="0"/><line number="763" hits="0"/><line number="764" hits="0"/><line number="765" hits="0"/><line number="767" hits="0"/><line number="768" hits="0"/><line number="769" hits="0"/><line number="770" hits="0"/><line number="771" hits="0"/><line number="773" hits="0"/><line number="774" hits="0"/><line number="775" hits="0"/><line number="783" hits="0"/><line number="784" hits="0"/><line number="788" hits="0"/><line number="789" hits="0"/><line number="790" hits="0"/><line number="791" hits="0"/><line number="792" hits="0"/><line number="793" hits="0"/><line number="795" hits="0"/><line number="796" hits="0"/><line number="797" hits="0"/><line number="798" hits="0"/><line number="799" hits="0"/><line number="800" hits="0"/><line number="802" hits="0"/><line number="803" hits="0"/><line number="804" hits="0"/><line number="805" hits="0"/><line number="806" hits="0"/><line number="808" hits="0"/><line number="809" hits="0"/><line number="810" hits="0"/><line number="818" hits="0"/><line number="819" hits="0"/><line number="823" hits="0"/><line number="824" hits="0"/><line number="825" hits="0"/><line number="826" hits="0"/><line number="827" hits="0"/><line number="828" hits="0"/><line number="829" hits="0"/><line number="835" hits="0"/><line number="836" hits="0"/><line number="837" hits="0"/><line number="839" hits="0"/><line number="840" hits="0"/><line number="842" hits="0"/><line number="843" hits="0"/><line number="845" hits="0"/><line number="847" hits="0"/><line number="848" hits="0"/><line number="849" hits="0"/><line number="851" hits="0"/><line number="853" hits="0"/><line number="854" hits="0"/><line number="856" hits="0"/><line number="858" hits="0"/><line number="859" hits="0"/><line number="865" hits="0"/><line number="866" hits="0"/><line number="867" hits="0"/><line number="869" hits="0"/><line number="872" hits="0"/><line number="873" hits="0"/><line number="874" hits="0"/><line number="877" hits="0"/><line number="881" hits="0"/><line number="882" hits="0"/><line number="883" hits="0"/><line number="885" hits="0"/><line number="888" hits="0"/><line number="889" hits="0"/><line number="890" hits="0"/><line number="893" hits="0"/><line number="897" hits="0"/><line number="898" hits="0"/><line number="903" hits="0"/><line number="904" hits="0"/><line number="907" hits="0"/><line number="908" hits="0"/><line number="910" hits="0"/><line number="915" hits="0"/><line number="916" hits="0"/><line number="919" hits="0"/><line number="920" hits="0"/><line number="922" hits="0"/><line number="927" hits="0"/><line number="928" hits="0"/><line number="929" hits="0"/><line number="931" hits="0"/><line number="936" hits="0"/><line number="937" hits="0"/><line number="938" hits="0"/><line number="941" hits="0"/><line number="942" hits="0"/><line number="945" hits="0"/><line number="946" hits="0"/><line number="951" hits="0"/><line number="952" hits="0"/><line number="957" hits="0"/><line number="958" hits="0"/><line number="959" hits="0"/><line number="962" hits="0"/><line number="963" hits="0"/><line number="965" hits="0"/><line number="971" hits="0"/><line number="972" hits="0"/><line number="973" hits="0"/><line number="974" hits="0"/><line number="975" hits="0"/><line number="976" hits="0"/><line number="977" hits="0"/><line number="978" hits="0"/><line number="981" hits="0"/><line number="982" hits="0"/><line number="983" hits="0"/><line number="984" hits="0"/><line number="985" hits="0"/><line number="986" hits="0"/><line number="988" hits="0"/><line number="995" hits="0"/><line number="996" hits="0"/><line number="998" hits="0"/><line number="999" hits="0"/><line number="1004" hits="0"/><line number="1005" hits="0"/><line number="1007" hits="0"/><line number="1008" hits="0"/><line number="1009" hits="0"/><line number="1011" hits="0"/><line number="1012" hits="0"/><line number="1013" hits="0"/><line number="1018" hits="0"/><line number="1020" hits="0"/><line number="1023" hits="0"/><line number="1024" hits="0"/><line number="1029" hits="0"/><line number="1030" hits="0"/><line number="1031" hits="0"/><line number="1032" hits="0"/><line number="1037" hits="0"/><line number="1040" hits="0"/><line number="1042" hits="0"/><line number="1044" hits="0"/><line number="1049" hits="0"/><line number="1050" hits="0"/><line number="1052" hits="0"/><line number="1053" hits="0"/><line number="1058" hits="0"/><line number="1059" hits="0"/><line number="1064" hits="0"/><line number="1065" hits="0"/><line number="1066" hits="0"/><line number="1069" hits="0"/><line number="1075" hits="0"/><line number="1076" hits="0"/><line number="1079" hits="0"/><line number="1080" hits="0"/><line number="1082" hits="0"/><line number="1085" hits="0"/><line number="1086" hits="0"/><line number="1087" hits="0"/><line number="1089" hits="0"/><line number="1091" hits="0"/><line number="1092" hits="0"/><line number="1093" hits="0"/><line number="1095" hits="0"/><line number="1096" hits="0"/><line number="1100" hits="0"/><line number="1101" hits="0"/><line number="1102" hits="0"/><line number="1103" hits="0"/><line number="1104" hits="0"/><line number="1106" hits="0"/><line number="1107" hits="0"/><line number="1108" hits="0"/><line number="1109" hits="0"/><line number="1110" hits="0"/><line number="1116" hits="0"/><line number="1117" hits="0"/><line number="1118" hits="0"/><line number="1119" hits="0"/><line number="1122" hits="0"/><line number="1123" hits="0"/><line number="1124" hits="0"/><line number="1127" hits="0"/><line number="1128" hits="0"/><line number="1132" hits="0"/><line number="1133" hits="0"/><line number="1137" hits="0"/><line number="1138" hits="0"/><line number="1142" hits="0"/><line number="1143" hits="0"/><line number="1146" hits="0"/><line number="1149" hits="0"/><line number="1150" hits="0"/><line number="1151" hits="0"/><line number="1154" hits="0"/><line number="1155" hits="0"/></lines></class></classes></package><package name="src/infrastructure/config" line-rate="0" branch-rate="0" complexity="0"><classes><class name="mod" filename="src/infrastructure/config/mod.rs" line-rate="0" branch-rate="0" complexity="0"><methods/><lines><line number="20" hits="0"/><line number="21" hits="0"/><line number="22" hits="0"/><line number="23" hits="0"/><line number="24" hits="0"/><line number="25" hits="0"/><line number="26" hits="0"/><line number="27" hits="0"/><line number="28" hits="0"/><line number="29" hits="0"/><line number="30" hits="0"/><line number="31" hits="0"/><line number="32" hits="0"/><line number="33" hits="0"/><line number="34" hits="0"/><line number="35" hits="0"/><line number="36" hits="0"/><line number="37" hits="0"/><line number="43" hits="0"/><line number="45" hits="0"/><line number="46" hits="0"/><line number="47" hits="0"/><line number="48" hits="0"/></lines></class></classes></package><package name="src/infrastructure/persistence" line-rate="0" branch-rate="0" complexity="0"><classes></classes></package><package name="src/presentation" line-rate="0" branch-rate="0" complexity="0"><classes></classes></package><package name="src/domain/services" line-rate="0.5714285714285714" branch-rate="0" complexity="0"><classes><class name="silence_detector" filename="src/domain/services/silence_detector.rs" line-rate="0.5714285714285714" branch-rate="0" complexity="0"><methods/><lines><line number="19" hits="1"/><line number="27" hits="0"/><line number="28" hits="0"/><line number="32" hits="0"/><line number="33" hits="0"/><line number="34" hits="0"/><line number="38" hits="1"/><line number="39" hits="2"/><line number="41" hits="2"/><line number="42" hits="1"/><line number="46" hits="2"/><line number="47" hits="1"/><line number="48" hits="1"/><line number="52" hits="1"/><line number="55" hits="1"/><line number="59" hits="0"/><line number="60" hits="0"/><line number="64" hits="1"/><line number="65" hits="1"/><line number="69" hits="0"/><line number="70" hits="0"/></lines></class></classes></package><package name="src/domain/entities" line-rate="0.56" branch-rate="0" complexity="0"><classes><class name="audio_buffer" filename="src/domain/entities/audio_buffer.rs" line-rate="0.4838709677419355" branch-rate="0" complexity="0"><methods/><lines><line number="23" hits="1"/><line number="25" hits="1"/><line number="28" hits="1"/><line number="33" hits="2"/><line number="34" hits="4"/><line number="38" hits="0"/><line number="39" hits="0"/><line number="43" hits="0"/><line number="44" hits="0"/><line number="48" hits="0"/><line number="49" hits="0"/><line number="53" hits="1"/><line number="54" hits="1"/><line number="58" hits="1"/><line number="59" hits="1"/><line number="63" hits="1"/><line number="64" hits="1"/><line number="68" hits="0"/><line number="69" hits="0"/><line number="73" hits="1"/><line number="74" hits="1"/><line number="78" hits="0"/><line number="79" hits="0"/><line number="83" hits="0"/><line number="84" hits="0"/><line number="88" hits="0"/><line number="89" hits="0"/><line number="91" hits="0"/><line number="94" hits="0"/><line number="98" hits="1"/><line number="99" hits="1"/></lines></class><class name="calibration" filename="src/domain/entities/calibration.rs" line-rate="1" branch-rate="0" complexity="0"><methods/><lines><line number="19" hits="3"/><line number="21" hits="14"/><line number="22" hits="7"/><line number="27" hits="7"/><line number="32" hits="4"/><line number="34" hits="4"/><line number="35" hits="4"/><line number="40" hits="1"/><line number="41" hits="1"/><line number="45" hits="2"/><line number="46" hits="1"/><line number="50" hits="1"/><line number="51" hits="1"/><line number="55" hits="1"/><line number="56" hits="1"/><line number="60" hits="1"/><line number="61" hits="1"/><line number="65" hits="1"/><line number="66" hits="1"/><line number="70" hits="1"/><line number="71" hits="1"/><line number="76" hits="1"/><line number="77" hits="1"/></lines></class><class name="subtitle" filename="src/domain/entities/subtitle.rs" line-rate="0.391304347826087" branch-rate="0" complexity="0"><methods/><lines><line number="28" hits="3"/><line number="30" hits="6"/><line number="31" hits="3"/><line number="34" hits="3"/><line number="44" hits="0"/><line number="45" hits="0"/><line number="49" hits="1"/><line number="50" hits="1"/><line number="54" hits="1"/><line number="55" hits="1"/><line number="59" hits="1"/><line number="60" hits="1"/><line number="64" hits="1"/><line number="65" hits="1"/><line number="66" hits="1"/><line number="67" hits="1"/><line number="71" hits="0"/><line number="72" hits="0"/><line number="73" hits="0"/><line number="74" hits="0"/><line number="78" hits="1"/><line number="79" hits="1"/><line number="80" hits="1"/><line number="81" hits="1"/><line number="86" hits="0"/><line number="87" hits="0"/><line number="88" hits="0"/><line number="89" hits="0"/><line number="90" hits="0"/><line number="92" hits="0"/><line number="97" hits="0"/><line number="98" hits="0"/><line number="102" hits="0"/><line number="103" hits="0"/><line number="104" hits="0"/><line number="105" hits="0"/><line number="108" hits="0"/><line number="109" hits="0"/><line number="110" hits="0"/><line number="113" hits="0"/><line number="114" hits="0"/><line number="116" hits="0"/><line number="117" hits="0"/><line number="119" hits="0"/><line number="124" hits="0"/><line number="125" hits="0"/></lines></class></classes></package><package name="src/domain/ports/inbound" line-rate="0" branch-rate="0" complexity="0"><classes></classes></package><package name="src/domain" line-rate="0.6855670103092784" branch-rate="0" complexity="0"><classes></classes></package><package name="src/application/services" line-rate="0" branch-rate="0" complexity="0"><classes><class name="orchestrator" filename="src/application/services/orchestrator.rs" line-rate="0" branch-rate="0" complexity="0"><methods/><lines><line number="39" hits="0"/><line number="40" hits="0"/><line number="41" hits="0"/><line number="43" hits="0"/><line number="45" hits="0"/><line number="46" hits="0"/><line number="47" hits="0"/><line number="48" hits="0"/><line number="49" hits="0"/><line number="50" hits="0"/><line number="51" hits="0"/><line number="52" hits="0"/><line number="57" hits="0"/><line number="58" hits="0"/><line number="62" hits="0"/><line number="63" hits="0"/><line number="67" hits="0"/><line number="68" hits="0"/><line number="69" hits="0"/><line number="72" hits="0"/><line number="76" hits="0"/><line number="78" hits="0"/><line number="79" hits="0"/><line number="82" hits="0"/><line number="85" hits="0"/><line number="86" hits="0"/><line number="87" hits="0"/><line number="89" hits="0"/><line number="90" hits="0"/><line number="91" hits="0"/><line number="92" hits="0"/><line number="94" hits="0"/><line number="95" hits="0"/><line number="96" hits="0"/><line number="100" hits="0"/><line number="106" hits="0"/><line number="109" hits="0"/><line number="110" hits="0"/><line number="113" hits="0"/><line number="117" hits="0"/><line number="118" hits="0"/><line number="122" hits="0"/><line number="123" hits="0"/><line number="127" hits="0"/><line number="128" hits="0"/><line number="129" hits="0"/><line number="133" hits="0"/><line number="134" hits="0"/><line number="135" hits="0"/></lines></class></classes></package><package name="src" line-rate="0.12654614652711704" branch-rate="0" complexity="0"><classes><class name="main" filename="src/main.rs" line-rate="0" branch-rate="0" complexity="0"><methods/><lines><line number="19" hits="0"/><line number="20" hits="0"/><line number="21" hits="0"/><line number="23" hits="0"/><line number="24" hits="0"/><line number="31" hits="0"/><line number="32" hits="0"/><line number="35" hits="0"/><line number="41" hits="0"/><line number="52" hits="0"/><line number="53" hits="0"/><line number="55" hits="0"/><line number="56" hits="0"/><line number="57" hits="0"/><line number="58" hits="0"/><line number="60" hits="0"/><line number="65" hits="0"/><line number="67" hits="0"/><line number="70" hits="0"/><line number="72" hits="0"/><line number="75" hits="0"/><line number="76" hits="0"/><line number="79" hits="0"/></lines></class></classes></package><package name="src/domain/ports/outbound" line-rate="0" branch-rate="0" complexity="0"><classes></classes></package><package name="src/domain/events" line-rate="0" branch-rate="0" complexity="0"><classes></classes></package><package name="src/application" line-rate="0" branch-rate="0" complexity="0"><classes></classes></package></packages></coverage>